# JRE version: Java(TM) SE Runtime Environment (8.0_45-b14) (build 1.8.0_45-b14)
# Java VM: Java HotSpot(TM) 64-Bit Server VM (25.45-b02 mixed mode linux-amd64 compressed oops)
Heap:
 PSYoungGen      total 34304K, used 29476K [0x00000000f5580000, 0x00000000f9880000, 0x0000000100000000)
  eden space 31744K, 84% used [0x00000000f5580000,0x00000000f6fd1048,0x00000000f7480000)
  from space 2560K, 98% used [0x00000000f7480000,0x00000000f76f8270,0x00000000f7700000)
  to   space 2560K, 0% used [0x00000000f9600000,0x00000000f9600000,0x00000000f9880000)
 ParOldGen       total 42496K, used 7790K [0x00000000e0000000, 0x00000000e2980000, 0x00000000f5580000)
  object space 42496K, 18% used [0x00000000e0000000,0x00000000e079b958,0x00000000e2980000)
 Metaspace       used 17564K, capacity 17874K, committed 18048K, reserved 1064960K
  class space    used 2030K, capacity 2135K, committed 2176K, reserved 1048576K
GC Heap History (6 events):
Event: 0,590 GC heap before
{Heap before GC invocations=1 (full 0):
 PSYoungGen      total 18432K, used 15872K [0x00000000f5580000, 0x00000000f6a00000, 0x0000000100000000)
  eden space 15872K, 100% used [0x00000000f5580000,0x00000000f6500000,0x00000000f6500000)
  from space 2560K, 0% used [0x00000000f6780000,0x00000000f6780000,0x00000000f6a00000)
  to   space 2560K, 0% used [0x00000000f6500000,0x00000000f6500000,0x00000000f6780000)
 ParOldGen       total 42496K, used 0K [0x00000000e0000000, 0x00000000e2980000, 0x00000000f5580000)
  object space 42496K, 0% used [0x00000000e0000000,0x00000000e0000000,0x00000000e2980000)
 Metaspace       used 7215K, capacity 7392K, committed 7552K, reserved 1056768K
  class space    used 811K, capacity 838K, committed 896K, reserved 1048576K
Event: 0,598 GC heap after
Heap after GC invocations=1 (full 0):
 PSYoungGen      total 18432K, used 2547K [0x00000000f5580000, 0x00000000f7980000, 0x0000000100000000)
  eden space 15872K, 0% used [0x00000000f5580000,0x00000000f5580000,0x00000000f6500000)
  from space 2560K, 99% used [0x00000000f6500000,0x00000000f677ce40,0x00000000f6780000)
  to   space 2560K, 0% used [0x00000000f7700000,0x00000000f7700000,0x00000000f7980000)
 ParOldGen       total 42496K, used 814K [0x00000000e0000000, 0x00000000e2980000, 0x00000000f5580000)
  object space 42496K, 1% used [0x00000000e0000000,0x00000000e00cb910,0x00000000e2980000)
 Metaspace       used 7215K, capacity 7392K, committed 7552K, reserved 1056768K
  class space    used 811K, capacity 838K, committed 896K, reserved 1048576K
}
Event: 1,162 GC heap before
{Heap before GC invocations=2 (full 0):
 PSYoungGen      total 18432K, used 18419K [0x00000000f5580000, 0x00000000f7980000, 0x0000000100000000)
  eden space 15872K, 100% used [0x00000000f5580000,0x00000000f6500000,0x00000000f6500000)
  from space 2560K, 99% used [0x00000000f6500000,0x00000000f677ce40,0x00000000f6780000)
  to   space 2560K, 0% used [0x00000000f7700000,0x00000000f7700000,0x00000000f7980000)
 ParOldGen       total 42496K, used 814K [0x00000000e0000000, 0x00000000e2980000, 0x00000000f5580000)
  object space 42496K, 1% used [0x00000000e0000000,0x00000000e00cb910,0x00000000e2980000)
 Metaspace       used 10186K, capacity 10438K, committed 10496K, reserved 1058816K
  class space    used 1143K, capacity 1231K, committed 1280K, reserved 1048576K
Event: 1,173 GC heap after
Heap after GC invocations=2 (full 0):
 PSYoungGen      total 34304K, used 2528K [0x00000000f5580000, 0x00000000f7980000, 0x0000000100000000)
  eden space 31744K, 0% used [0x00000000f5580000,0x00000000f5580000,0x00000000f7480000)
  from space 2560K, 98% used [0x00000000f7700000,0x00000000f7978240,0x00000000f7980000)
  to   space 2560K, 0% used [0x00000000f7480000,0x00000000f7480000,0x00000000f7700000)
 ParOldGen       total 42496K, used 3474K [0x00000000e0000000, 0x00000000e2980000, 0x00000000f5580000)
  object space 42496K, 8% used [0x00000000e0000000,0x00000000e0364ab0,0x00000000e2980000)
 Metaspace       used 10186K, capacity 10438K, committed 10496K, reserved 1058816K
  class space    used 1143K, capacity 1231K, committed 1280K, reserved 1048576K
}
Event: 1,575 GC heap before
{Heap before GC invocations=3 (full 0):
 PSYoungGen      total 34304K, used 34272K [0x00000000f5580000, 0x00000000f7980000, 0x0000000100000000)
  eden space 31744K, 100% used [0x00000000f5580000,0x00000000f7480000,0x00000000f7480000)
  from space 2560K, 98% used [0x00000000f7700000,0x00000000f7978240,0x00000000f7980000)
  to   space 2560K, 0% used [0x00000000f7480000,0x00000000f7480000,0x00000000f7700000)
 ParOldGen       total 42496K, used 3474K [0x00000000e0000000, 0x00000000e2980000, 0x00000000f5580000)
  object space 42496K, 8% used [0x00000000e0000000,0x00000000e0364ab0,0x00000000e2980000)
 Metaspace       used 15338K, capacity 15570K, committed 15744K, reserved 1062912K
  class space    used 1802K, capacity 1879K, committed 1920K, reserved 1048576K
Event: 1,589 GC heap after
Heap after GC invocations=3 (full 0):
 PSYoungGen      total 34304K, used 2528K [0x00000000f5580000, 0x00000000f9880000, 0x0000000100000000)
  eden space 31744K, 0% used [0x00000000f5580000,0x00000000f5580000,0x00000000f7480000)
  from space 2560K, 98% used [0x00000000f7480000,0x00000000f76f8270,0x00000000f7700000)
  to   space 2560K, 0% used [0x00000000f9600000,0x00000000f9600000,0x00000000f9880000)
 ParOldGen       total 42496K, used 7790K [0x00000000e0000000, 0x00000000e2980000, 0x00000000f5580000)
  object space 42496K, 18% used [0x00000000e0000000,0x00000000e079b958,0x00000000e2980000)
 Metaspace       used 15338K, capacity 15570K, committed 15744K, reserved 1062912K
  class space    used 1802K, capacity 1879K, committed 1920K, reserved 1048576K
}

