# JRE version: Java(TM) SE Runtime Environment (8.0_45-b14) (build 1.8.0_45-b14)
# Java VM: Java HotSpot(TM) 64-Bit Server VM (25.45-b02 mixed mode linux-amd64 compressed oops)
Heap:
 PSYoungGen      total 69632K, used 31073K [0x00000000f5580000, 0x00000000fe180000, 0x0000000100000000)
  eden space 62464K, 49% used [0x00000000f5580000,0x00000000f73d8630,0x00000000f9280000)
  from space 7168K, 0% used [0x00000000f9280000,0x00000000f9280000,0x00000000f9980000)
  to   space 9216K, 0% used [0x00000000fd880000,0x00000000fd880000,0x00000000fe180000)
 ParOldGen       total 37888K, used 13954K [0x00000000e0000000, 0x00000000e2500000, 0x00000000f5580000)
  object space 37888K, 36% used [0x00000000e0000000,0x00000000e0da09f0,0x00000000e2500000)
 Metaspace       used 23739K, capacity 24170K, committed 24496K, reserved 1071104K
  class space    used 2742K, capacity 2887K, committed 2992K, reserved 1048576K
GC Heap History (10 events):
Event: 2,004 GC heap before
{Heap before GC invocations=4 (full 0):
 PSYoungGen      total 18432K, used 18400K [0x00000000f5580000, 0x00000000f7980000, 0x0000000100000000)
  eden space 15872K, 100% used [0x00000000f5580000,0x00000000f6500000,0x00000000f6500000)
  from space 2560K, 98% used [0x00000000f6500000,0x00000000f6778240,0x00000000f6780000)
  to   space 2560K, 0% used [0x00000000f7700000,0x00000000f7700000,0x00000000f7980000)
 ParOldGen       total 42496K, used 5716K [0x00000000e0000000, 0x00000000e2980000, 0x00000000f5580000)
  object space 42496K, 13% used [0x00000000e0000000,0x00000000e05952a0,0x00000000e2980000)
 Metaspace       used 15355K, capacity 15666K, committed 15744K, reserved 1062912K
  class space    used 1803K, capacity 1911K, committed 1920K, reserved 1048576K
Event: 2,012 GC heap after
Heap after GC invocations=4 (full 0):
 PSYoungGen      total 34304K, used 2544K [0x00000000f5580000, 0x00000000f7980000, 0x0000000100000000)
  eden space 31744K, 0% used [0x00000000f5580000,0x00000000f5580000,0x00000000f7480000)
  from space 2560K, 99% used [0x00000000f7700000,0x00000000f797c250,0x00000000f7980000)
  to   space 2560K, 0% used [0x00000000f7480000,0x00000000f7480000,0x00000000f7700000)
 ParOldGen       total 42496K, used 7822K [0x00000000e0000000, 0x00000000e2980000, 0x00000000f5580000)
  object space 42496K, 18% used [0x00000000e0000000,0x00000000e07a3a60,0x00000000e2980000)
 Metaspace       used 15355K, capacity 15666K, committed 15744K, reserved 1062912K
  class space    used 1803K, capacity 1911K, committed 1920K, reserved 1048576K
}
Event: 2,360 GC heap before
{Heap before GC invocations=5 (full 0):
 PSYoungGen      total 34304K, used 34288K [0x00000000f5580000, 0x00000000f7980000, 0x0000000100000000)
  eden space 31744K, 100% used [0x00000000f5580000,0x00000000f7480000,0x00000000f7480000)
  from space 2560K, 99% used [0x00000000f7700000,0x00000000f797c250,0x00000000f7980000)
  to   space 2560K, 0% used [0x00000000f7480000,0x00000000f7480000,0x00000000f7700000)
 ParOldGen       total 42496K, used 7822K [0x00000000e0000000, 0x00000000e2980000, 0x00000000f5580000)
  object space 42496K, 18% used [0x00000000e0000000,0x00000000e07a3a60,0x00000000e2980000)
 Metaspace       used 18291K, capacity 18546K, committed 18688K, reserved 1064960K
  class space    used 2132K, capacity 2231K, committed 2304K, reserved 1048576K
Event: 2,374 GC heap after
Heap after GC invocations=5 (full 0):
 PSYoungGen      total 34304K, used 2544K [0x00000000f5580000, 0x00000000f9f80000, 0x0000000100000000)
  eden space 31744K, 0% used [0x00000000f5580000,0x00000000f5580000,0x00000000f7480000)
  from space 2560K, 99% used [0x00000000f7480000,0x00000000f76fc250,0x00000000f7700000)
  to   space 6144K, 0% used [0x00000000f9980000,0x00000000f9980000,0x00000000f9f80000)
 ParOldGen       total 42496K, used 10345K [0x00000000e0000000, 0x00000000e2980000, 0x00000000f5580000)
  object space 42496K, 24% used [0x00000000e0000000,0x00000000e0a1a4b0,0x00000000e2980000)
 Metaspace       used 18291K, capacity 18546K, committed 18688K, reserved 1064960K
  class space    used 2132K, capacity 2231K, committed 2304K, reserved 1048576K
}
Event: 2,562 GC heap before
{Heap before GC invocations=6 (full 0):
 PSYoungGen      total 34304K, used 34288K [0x00000000f5580000, 0x00000000f9f80000, 0x0000000100000000)
  eden space 31744K, 100% used [0x00000000f5580000,0x00000000f7480000,0x00000000f7480000)
  from space 2560K, 99% used [0x00000000f7480000,0x00000000f76fc250,0x00000000f7700000)
  to   space 6144K, 0% used [0x00000000f9980000,0x00000000f9980000,0x00000000f9f80000)
 ParOldGen       total 42496K, used 10345K [0x00000000e0000000, 0x00000000e2980000, 0x00000000f5580000)
  object space 42496K, 24% used [0x00000000e0000000,0x00000000e0a1a4b0,0x00000000e2980000)
 Metaspace       used 18917K, capacity 19256K, committed 19456K, reserved 1067008K
  class space    used 2203K, capacity 2296K, committed 2304K, reserved 1048576K
Event: 2,578 GC heap after
Heap after GC invocations=6 (full 0):
 PSYoungGen      total 68608K, used 6131K [0x00000000f5580000, 0x00000000fa180000, 0x0000000100000000)
  eden space 62464K, 0% used [0x00000000f5580000,0x00000000f5580000,0x00000000f9280000)
  from space 6144K, 99% used [0x00000000f9980000,0x00000000f9f7ce50,0x00000000f9f80000)
  to   space 7168K, 0% used [0x00000000f9280000,0x00000000f9280000,0x00000000f9980000)
 ParOldGen       total 42496K, used 11210K [0x00000000e0000000, 0x00000000e2980000, 0x00000000f5580000)
  object space 42496K, 26% used [0x00000000e0000000,0x00000000e0af2a90,0x00000000e2980000)
 Metaspace       used 18917K, capacity 19256K, committed 19456K, reserved 1067008K
  class space    used 2203K, capacity 2296K, committed 2304K, reserved 1048576K
}
Event: 2,827 GC heap before
{Heap before GC invocations=7 (full 0):
 PSYoungGen      total 68608K, used 53987K [0x00000000f5580000, 0x00000000fa180000, 0x0000000100000000)
  eden space 62464K, 76% used [0x00000000f5580000,0x00000000f843bdc8,0x00000000f9280000)
  from space 6144K, 99% used [0x00000000f9980000,0x00000000f9f7ce50,0x00000000f9f80000)
  to   space 7168K, 0% used [0x00000000f9280000,0x00000000f9280000,0x00000000f9980000)
 ParOldGen       total 42496K, used 11210K [0x00000000e0000000, 0x00000000e2980000, 0x00000000f5580000)
  object space 42496K, 26% used [0x00000000e0000000,0x00000000e0af2a90,0x00000000e2980000)
 Metaspace       used 20886K, capacity 21206K, committed 21296K, reserved 1069056K
  class space    used 2435K, capacity 2561K, committed 2608K, reserved 1048576K
Event: 2,846 GC heap after
Heap after GC invocations=7 (full 0):
 PSYoungGen      total 69632K, used 7153K [0x00000000f5580000, 0x00000000fe180000, 0x0000000100000000)
  eden space 62464K, 0% used [0x00000000f5580000,0x00000000f5580000,0x00000000f9280000)
  from space 7168K, 99% used [0x00000000f9280000,0x00000000f997c6c8,0x00000000f9980000)
  to   space 9216K, 0% used [0x00000000fd880000,0x00000000fd880000,0x00000000fe180000)
 ParOldGen       total 42496K, used 13514K [0x00000000e0000000, 0x00000000e2980000, 0x00000000f5580000)
  object space 42496K, 31% used [0x00000000e0000000,0x00000000e0d32868,0x00000000e2980000)
 Metaspace       used 20886K, capacity 21206K, committed 21296K, reserved 1069056K
  class space    used 2435K, capacity 2561K, committed 2608K, reserved 1048576K
}
Event: 2,846 GC heap before
{Heap before GC invocations=8 (full 1):
 PSYoungGen      total 69632K, used 7153K [0x00000000f5580000, 0x00000000fe180000, 0x0000000100000000)
  eden space 62464K, 0% used [0x00000000f5580000,0x00000000f5580000,0x00000000f9280000)
  from space 7168K, 99% used [0x00000000f9280000,0x00000000f997c6c8,0x00000000f9980000)
  to   space 9216K, 0% used [0x00000000fd880000,0x00000000fd880000,0x00000000fe180000)
 ParOldGen       total 42496K, used 13514K [0x00000000e0000000, 0x00000000e2980000, 0x00000000f5580000)
  object space 42496K, 31% used [0x00000000e0000000,0x00000000e0d32868,0x00000000e2980000)
 Metaspace       used 20886K, capacity 21206K, committed 21296K, reserved 1069056K
  class space    used 2435K, capacity 2561K, committed 2608K, reserved 1048576K
Event: 2,901 GC heap after
Heap after GC invocations=8 (full 1):
 PSYoungGen      total 69632K, used 0K [0x00000000f5580000, 0x00000000fe180000, 0x0000000100000000)
  eden space 62464K, 0% used [0x00000000f5580000,0x00000000f5580000,0x00000000f9280000)
  from space 7168K, 0% used [0x00000000f9280000,0x00000000f9280000,0x00000000f9980000)
  to   space 9216K, 0% used [0x00000000fd880000,0x00000000fd880000,0x00000000fe180000)
 ParOldGen       total 37888K, used 13954K [0x00000000e0000000, 0x00000000e2500000, 0x00000000f5580000)
  object space 37888K, 36% used [0x00000000e0000000,0x00000000e0da09f0,0x00000000e2500000)
 Metaspace       used 20886K, capacity 21206K, committed 21296K, reserved 1069056K
  class space    used 2435K, capacity 2561K, committed 2608K, reserved 1048576K
}

